2000.07.06 21:28 B c:\My Documents\My Webs\1306.htm --> www.taconet.com.tw / 1306.htm
2000.07.06 21:28 B c:\My Documents\My Webs\1307.htm --> www.taconet.com.tw / 1307.htm
2000.07.06 21:28 B c:\My Documents\My Webs\1308.htm --> www.taconet.com.tw / 1308.htm
2000.07.06 21:28 B c:\My Documents\My Webs\1310.htm --> www.taconet.com.tw / 1310.htm
2000.07.06 21:28 B c:\My Documents\My Webs\1311.htm --> www.taconet.com.tw / 1311.htm
2000.07.06 21:28 B c:\My Documents\My Webs\1312.htm --> www.taconet.com.tw / 1312.htm
2000.07.06 21:28 B c:\My Documents\My Webs\1313.htm --> www.taconet.com.tw / 1313.htm
2000.07.06 21:28 B c:\My Documents\My Webs\1314.htm --> www.taconet.com.tw / 1314.htm
2000.07.06 21:28 B c:\My Documents\My Webs\1315.htm --> www.taconet.com.tw / 1315.htm
2000.07.06 21:28 B c:\My Documents\My Webs\1317.htm --> www.taconet.com.tw / 1317.htm
2000.07.06 21:28 B c:\My Documents\My Webs\1319.htm --> www.taconet.com.tw / 1319.htm
2000.07.06 21:28 B c:\My Documents\My Webs\35hexbox.htm --> www.taconet.com.tw / 35hexbox.htm
2000.07.06 21:28 B c:\My Documents\My Webs\cube23.htm --> www.taconet.com.tw / cube23.htm
2000.07.06 21:28 B c:\My Documents\My Webs\index.html --> www.taconet.com.tw / index.html
2000.07.06 21:28 B c:\My Documents\My Webs\newtaiwan.htm --> www.taconet.com.tw / newtaiwan.htm
2000.07.06 21:28 B c:\My Documents\My Webs\note1.htm --> www.taconet.com.tw / note1.htm
2000.07.06 21:28 B c:\My Documents\My Webs\note11.htm --> www.taconet.com.tw / note11.htm
2000.07.06 21:28 B c:\My Documents\My Webs\note13.htm --> www.taconet.com.tw / note13.htm
2000.07.07 00:39 B c:\My Documents\My Webs\index.htm --> www.taconet.com.tw / index.htm
2000.07.07 01:04 B C:\My Documents\My Webs\cube23.htm --> www.taconet.com.tw / cube23.htm
2000.07.07 02:33 B C:\My Documents\My Webs\1306.htm --> www.taconet.com.tw / 1306.htm
2000.07.07 02:33 B C:\My Documents\My Webs\1307.htm --> www.taconet.com.tw / 1307.htm
2000.07.07 02:33 B C:\My Documents\My Webs\1308.htm --> www.taconet.com.tw / 1308.htm
2000.07.07 02:33 B C:\My Documents\My Webs\1310.htm --> www.taconet.com.tw / 1310.htm
2000.07.07 02:33 B C:\My Documents\My Webs\1311.htm --> www.taconet.com.tw / 1311.htm
2000.07.07 02:33 B C:\My Documents\My Webs\1312.htm --> www.taconet.com.tw / 1312.htm
2000.07.07 02:33 B C:\My Documents\My Webs\1313.htm --> www.taconet.com.tw / 1313.htm
2000.07.07 02:33 B C:\My Documents\My Webs\1314.htm --> www.taconet.com.tw / 1314.htm
2000.07.07 02:34 B C:\My Documents\My Webs\1315.htm --> www.taconet.com.tw / 1315.htm
2000.07.07 02:34 B C:\My Documents\My Webs\1317.htm --> www.taconet.com.tw / 1317.htm
2000.07.07 02:34 B C:\My Documents\My Webs\1319.htm --> www.taconet.com.tw / 1319.htm
2000.07.07 02:34 B C:\My Documents\My Webs\35hexbox.htm --> www.taconet.com.tw / 35hexbox.htm
2000.07.07 02:34 B C:\My Documents\My Webs\cube23.htm --> www.taconet.com.tw / cube23.htm
2000.07.07 02:34 B C:\My Documents\My Webs\index.htm --> www.taconet.com.tw / index.htm
2000.07.07 02:34 B C:\My Documents\My Webs\index.html --> www.taconet.com.tw / index.html
2000.07.07 02:34 B C:\My Documents\My Webs\newtaiwan.htm --> www.taconet.com.tw / newtaiwan.htm
2000.07.07 02:34 B C:\My Documents\My Webs\note1.htm --> www.taconet.com.tw / note1.htm
2000.07.07 02:34 B C:\My Documents\My Webs\note11.htm --> www.taconet.com.tw / note11.htm
2000.07.07 02:34 B C:\My Documents\My Webs\note13.htm --> www.taconet.com.tw / note13.htm
2000.07.07 02:34 B C:\My Documents\My Webs\WS_FTP.LOG --> www.taconet.com.tw / WS_FTP.LOG
2000.07.07 02:36 B C:\My Documents\My Webs\1306.htm --> residence.educities.edu.tw / 1306.htm
2000.07.07 02:36 B C:\My Documents\My Webs\1307.htm --> residence.educities.edu.tw / 1307.htm
2000.07.07 02:36 B C:\My Documents\My Webs\1308.htm --> residence.educities.edu.tw / 1308.htm
2000.07.07 02:36 B C:\My Documents\My Webs\1310.htm --> residence.educities.edu.tw / 1310.htm
2000.07.07 02:36 B C:\My Documents\My Webs\1311.htm --> residence.educities.edu.tw / 1311.htm
2000.07.07 02:36 B C:\My Documents\My Webs\1312.htm --> residence.educities.edu.tw / 1312.htm
2000.07.07 02:36 B C:\My Documents\My Webs\1313.htm --> residence.educities.edu.tw / 1313.htm
2000.07.07 02:36 B C:\My Documents\My Webs\1314.htm --> residence.educities.edu.tw / 1314.htm
2000.07.07 02:36 B C:\My Documents\My Webs\1315.htm --> residence.educities.edu.tw / 1315.htm
2000.07.07 02:36 B C:\My Documents\My Webs\1317.htm --> residence.educities.edu.tw / 1317.htm
2000.07.07 02:36 B C:\My Documents\My Webs\1319.htm --> residence.educities.edu.tw / 1319.htm
2000.07.07 02:36 B C:\My Documents\My Webs\35hexbox.htm --> residence.educities.edu.tw / 35hexbox.htm
2000.07.07 02:36 B C:\My Documents\My Webs\cube23.htm --> residence.educities.edu.tw / cube23.htm
2000.07.07 02:37 B C:\My Documents\My Webs\index.htm --> residence.educities.edu.tw / index.htm
2000.07.07 02:37 B C:\My Documents\My Webs\index.html --> residence.educities.edu.tw / index.html
2000.07.07 02:37 B C:\My Documents\My Webs\newtaiwan.htm --> residence.educities.edu.tw / newtaiwan.htm
2000.07.07 02:37 B C:\My Documents\My Webs\note1.htm --> residence.educities.edu.tw / note1.htm
2000.07.07 02:37 B C:\My Documents\My Webs\note11.htm --> residence.educities.edu.tw / note11.htm
2000.07.07 02:37 B C:\My Documents\My Webs\note13.htm --> residence.educities.edu.tw / note13.htm
2000.07.07 02:37 B C:\My Documents\My Webs\WS_FTP.LOG --> residence.educities.edu.tw / WS_FTP.LOG
2000.07.07 04:04 B C:\My Documents\My Webs\index.htm --> residence.educities.edu.tw / index.htm
2000.07.07 04:04 B C:\My Documents\My Webs\index.html --> residence.educities.edu.tw / index.html
2000.07.07 04:05 B C:\My Documents\My Webs\index.htm --> www.taconet.com.tw / index.htm
2000.07.07 04:05 B C:\My Documents\My Webs\index.html --> www.taconet.com.tw / index.html
2000.07.07 11:57 B C:\My Documents\My Webs\note1.htm --> residence.educities.edu.tw / note1.htm
2000.07.07 11:58 B C:\My Documents\My Webs\note1.htm --> residence.educities.edu.tw / note1.htm
2000.07.07 12:00 B C:\My Documents\My Webs\note1.htm --> www.taconet.com.tw / note1.htm
2000.07.07 19:37 B C:\My Documents\My Webs\index.htm --> www.taconet.com.tw / index.htm
2000.07.07 19:38 B C:\My Documents\My Webs\index.html --> residence.educities.edu.tw / index.html
2000.07.07 20:02 B C:\My Documents\My Webs\note1.htm --> residence.educities.edu.tw / note1.htm
2000.07.07 20:03 B C:\My Documents\My Webs\note1.htm --> www.taconet.com.tw / note1.htm
2000.07.08 14:36 B C:\My Documents\My Webs\index.htm --> www.taconet.com.tw / index.htm
2000.07.08 14:47 B C:\My Documents\My Webs\index.htm --> www.taconet.com.tw / index.htm
2000.07.08 16:36 B C:\My Documents\My Webs\index.htm --> www.taconet.com.tw / index.htm
2000.07.08 16:36 B C:\My Documents\My Webs\note1.htm --> www.taconet.com.tw / note1.htm
2000.07.08 16:37 B C:\My Documents\My Webs\index.html --> residence.educities.edu.tw / index.html
2000.07.08 16:37 B C:\My Documents\My Webs\note1.htm --> residence.educities.edu.tw / note1.htm
2000.07.08 17:31 B C:\My Documents\My Webs\note13.htm --> residence.educities.edu.tw / note13.htm
2000.07.08 17:32 B C:\My Documents\My Webs\note13.htm --> www.taconet.com.tw / note13.htm
